<?xml version="1.0" encoding="UTF-8"?>
<TestRun id="894d0862-ded7-41ac-a9aa-75ca93fa9d5f" name="Heather@TRANCE 2015-02-01 18:31:50" runUser="Trance\Heather" xmlns="http://microsoft.com/schemas/VisualStudio/TeamTest/2010">
  <TestSettings name="Local" id="99465352-ae92-469c-b4aa-2e42f31f0183">
    <Description>These are default test settings for a local test run.</Description>
    <Deployment enabled="false" runDeploymentRoot="Heather_TRANCE 2015-02-01 18_31_50">
      <DeploymentItem filename="C:\Users\Heather\Documents\WVU\SENG691Z\Assignment1\Task2\bin\Debug\Task2.exe" />
    </Deployment>
    <Execution>
      <TestTypeSpecific />
      <AgentRule name="Execution Agents">
      </AgentRule>
    </Execution>
  </TestSettings>
  <Times creation="2015-02-01T18:31:50.7994655-05:00" queuing="2015-02-01T18:31:50.8424679-05:00" start="2015-02-01T18:31:50.8664693-05:00" finish="2015-02-01T18:31:51.2294901-05:00" />
  <ResultSummary outcome="Completed">
    <Counters total="1" executed="1" passed="1" error="0" failed="0" timeout="0" aborted="0" inconclusive="0" passedButRunAborted="0" notRunnable="0" notExecuted="0" disconnected="0" warning="0" completed="0" inProgress="0" pending="0" />
  </ResultSummary>
  <TestDefinitions>
    <UnitTest name="isDrawTest" storage="c:\users\heather\documents\wvu\seng691z\assignment1\task2\task2test\bin\debug\task2test.dll" id="7d436a25-1fb4-8301-8ba6-c6dcb4d2cce3">
      <Execution id="d1a2a1b5-d6cf-4af5-9d3c-87344a091d1a" />
      <TestMethod codeBase="C:/Users/Heather/Documents/WVU/SENG691Z/Assignment1/Task2/Task2Test/bin/Debug/Task2Test.DLL" adapterTypeName="Microsoft.VisualStudio.TestTools.TestTypes.Unit.UnitTestAdapter, Microsoft.VisualStudio.QualityTools.Tips.UnitTest.Adapter, Version=10.0.0.0, Culture=neutral, PublicKeyToken=b03f5f7f11d50a3a" className="Task2Test.BoardTest, Task2Test, Version=1.0.0.0, Culture=neutral, PublicKeyToken=null" name="isDrawTest" />
    </UnitTest>
  </TestDefinitions>
  <TestLists>
    <TestList name="Results Not in a List" id="8c84fa94-04c1-424b-9868-57a2d4851a1d" />
    <TestList name="All Loaded Results" id="19431567-8539-422a-85d7-44ee4e166bda" />
  </TestLists>
  <TestEntries>
    <TestEntry testId="7d436a25-1fb4-8301-8ba6-c6dcb4d2cce3" executionId="d1a2a1b5-d6cf-4af5-9d3c-87344a091d1a" testListId="8c84fa94-04c1-424b-9868-57a2d4851a1d" />
  </TestEntries>
  <Results>
    <UnitTestResult executionId="d1a2a1b5-d6cf-4af5-9d3c-87344a091d1a" testId="7d436a25-1fb4-8301-8ba6-c6dcb4d2cce3" testName="isDrawTest" computerName="TRANCE" duration="00:00:00.0267766" startTime="2015-02-01T18:31:50.9214725-05:00" endTime="2015-02-01T18:31:51.1934880-05:00" testType="13cdc9d9-ddb5-4fa4-a97d-d965ccfc6d4b" outcome="Passed" testListId="8c84fa94-04c1-424b-9868-57a2d4851a1d" relativeResultsDirectory="d1a2a1b5-d6cf-4af5-9d3c-87344a091d1a">
    </UnitTestResult>
  </Results>
</TestRun>