<?xml version="1.0" encoding="UTF-8"?>
<TestRun id="d53c94c3-79e4-4768-9453-c3b92cde5579" name="Heather@TRANCE 2015-02-01 18:31:42" runUser="Trance\Heather" xmlns="http://microsoft.com/schemas/VisualStudio/TeamTest/2010">
  <TestSettings name="Local" id="99465352-ae92-469c-b4aa-2e42f31f0183">
    <Description>These are default test settings for a local test run.</Description>
    <Deployment enabled="false" runDeploymentRoot="Heather_TRANCE 2015-02-01 18_31_42">
      <DeploymentItem filename="C:\Users\Heather\Documents\WVU\SENG691Z\Assignment1\Task2\bin\Debug\Task2.exe" />
    </Deployment>
    <Execution>
      <TestTypeSpecific />
      <AgentRule name="Execution Agents">
      </AgentRule>
    </Execution>
  </TestSettings>
  <Times creation="2015-02-01T18:31:42.3929847-05:00" queuing="2015-02-01T18:31:42.4429875-05:00" start="2015-02-01T18:31:42.4709891-05:00" finish="2015-02-01T18:31:43.0910246-05:00" />
  <ResultSummary outcome="Completed">
    <Counters total="1" executed="1" passed="1" error="0" failed="0" timeout="0" aborted="0" inconclusive="0" passedButRunAborted="0" notRunnable="0" notExecuted="0" disconnected="0" warning="0" completed="0" inProgress="0" pending="0" />
  </ResultSummary>
  <TestDefinitions>
    <UnitTest name="clearBoardTest" storage="c:\users\heather\documents\wvu\seng691z\assignment1\task2\task2test\bin\debug\task2test.dll" id="bb0a1065-844f-8031-9d1f-6e8879987257">
      <Execution id="29af365e-849d-413a-a213-0d222d6baa12" />
      <TestMethod codeBase="C:/Users/Heather/Documents/WVU/SENG691Z/Assignment1/Task2/Task2Test/bin/Debug/Task2Test.DLL" adapterTypeName="Microsoft.VisualStudio.TestTools.TestTypes.Unit.UnitTestAdapter, Microsoft.VisualStudio.QualityTools.Tips.UnitTest.Adapter, Version=10.0.0.0, Culture=neutral, PublicKeyToken=b03f5f7f11d50a3a" className="Task2Test.BoardTest, Task2Test, Version=1.0.0.0, Culture=neutral, PublicKeyToken=null" name="clearBoardTest" />
    </UnitTest>
  </TestDefinitions>
  <TestLists>
    <TestList name="Results Not in a List" id="8c84fa94-04c1-424b-9868-57a2d4851a1d" />
    <TestList name="All Loaded Results" id="19431567-8539-422a-85d7-44ee4e166bda" />
  </TestLists>
  <TestEntries>
    <TestEntry testId="bb0a1065-844f-8031-9d1f-6e8879987257" executionId="29af365e-849d-413a-a213-0d222d6baa12" testListId="8c84fa94-04c1-424b-9868-57a2d4851a1d" />
  </TestEntries>
  <Results>
    <UnitTestResult executionId="29af365e-849d-413a-a213-0d222d6baa12" testId="bb0a1065-844f-8031-9d1f-6e8879987257" testName="clearBoardTest" computerName="TRANCE" duration="00:00:00.0211301" startTime="2015-02-01T18:31:42.5069912-05:00" endTime="2015-02-01T18:31:42.9280153-05:00" testType="13cdc9d9-ddb5-4fa4-a97d-d965ccfc6d4b" outcome="Passed" testListId="8c84fa94-04c1-424b-9868-57a2d4851a1d" relativeResultsDirectory="29af365e-849d-413a-a213-0d222d6baa12">
    </UnitTestResult>
  </Results>
</TestRun>