<?xml version="1.0" encoding="UTF-8"?>
<TestRun id="7bd7d2d8-3dbc-4e3e-82dc-52a34a5fddaa" name="Heather@TRANCE 2015-02-01 18:31:47" runUser="Trance\Heather" xmlns="http://microsoft.com/schemas/VisualStudio/TeamTest/2010">
  <TestSettings name="Local" id="99465352-ae92-469c-b4aa-2e42f31f0183">
    <Description>These are default test settings for a local test run.</Description>
    <Deployment enabled="false" runDeploymentRoot="Heather_TRANCE 2015-02-01 18_31_47">
      <DeploymentItem filename="C:\Users\Heather\Documents\WVU\SENG691Z\Assignment1\Task2\bin\Debug\Task2.exe" />
    </Deployment>
    <Execution>
      <TestTypeSpecific />
      <AgentRule name="Execution Agents">
      </AgentRule>
    </Execution>
  </TestSettings>
  <Times creation="2015-02-01T18:31:47.0532512-05:00" queuing="2015-02-01T18:31:47.0942536-05:00" start="2015-02-01T18:31:47.1302556-05:00" finish="2015-02-01T18:31:47.5142776-05:00" />
  <ResultSummary outcome="Completed">
    <Counters total="1" executed="1" passed="1" error="0" failed="0" timeout="0" aborted="0" inconclusive="0" passedButRunAborted="0" notRunnable="0" notExecuted="0" disconnected="0" warning="0" completed="0" inProgress="0" pending="0" />
  </ResultSummary>
  <TestDefinitions>
    <UnitTest name="isWinnerTest" storage="c:\users\heather\documents\wvu\seng691z\assignment1\task2\task2test\bin\debug\task2test.dll" id="69a6500e-0d49-4742-308d-4ebee2bc0015">
      <Execution id="710403f5-df4c-466b-9c39-3d41bb9daf04" />
      <TestMethod codeBase="C:/Users/Heather/Documents/WVU/SENG691Z/Assignment1/Task2/Task2Test/bin/Debug/Task2Test.DLL" adapterTypeName="Microsoft.VisualStudio.TestTools.TestTypes.Unit.UnitTestAdapter, Microsoft.VisualStudio.QualityTools.Tips.UnitTest.Adapter, Version=10.0.0.0, Culture=neutral, PublicKeyToken=b03f5f7f11d50a3a" className="Task2Test.BoardTest, Task2Test, Version=1.0.0.0, Culture=neutral, PublicKeyToken=null" name="isWinnerTest" />
    </UnitTest>
  </TestDefinitions>
  <TestLists>
    <TestList name="Results Not in a List" id="8c84fa94-04c1-424b-9868-57a2d4851a1d" />
    <TestList name="All Loaded Results" id="19431567-8539-422a-85d7-44ee4e166bda" />
  </TestLists>
  <TestEntries>
    <TestEntry testId="69a6500e-0d49-4742-308d-4ebee2bc0015" executionId="710403f5-df4c-466b-9c39-3d41bb9daf04" testListId="8c84fa94-04c1-424b-9868-57a2d4851a1d" />
  </TestEntries>
  <Results>
    <UnitTestResult executionId="710403f5-df4c-466b-9c39-3d41bb9daf04" testId="69a6500e-0d49-4742-308d-4ebee2bc0015" testName="isWinnerTest" computerName="TRANCE" duration="00:00:00.0223051" startTime="2015-02-01T18:31:47.1972594-05:00" endTime="2015-02-01T18:31:47.4652748-05:00" testType="13cdc9d9-ddb5-4fa4-a97d-d965ccfc6d4b" outcome="Passed" testListId="8c84fa94-04c1-424b-9868-57a2d4851a1d" relativeResultsDirectory="710403f5-df4c-466b-9c39-3d41bb9daf04">
    </UnitTestResult>
  </Results>
</TestRun>